2022-04-23 01:04:02 error: uncaughtException: ‚®Ø Unable to compile TypeScript:
[96msrc/middlewares/page.middleware.ts[0m:[93m6[0m:[93m63[0m - [91merror[0m[90m TS1002: [0mUnterminated string literal.

[7m6[0m import { PaginationRequest } from '@/interfaces/base.interface
[7m [0m [91m                                                              [0m

TSError: ‚®Ø Unable to compile TypeScript:
[96msrc/middlewares/page.middleware.ts[0m:[93m6[0m:[93m63[0m - [91merror[0m[90m TS1002: [0mUnterminated string literal.

[7m6[0m import { PaginationRequest } from '@/interfaces/base.interface
[7m [0m [91m                                                              [0m

    at createTSError (H:\workspace\ÂçöÂÆ¢\my-blog\node_modules\.pnpm\registry.npmmirror.com+ts-node@10.7.0_4548f6b74f1429cc78c61eff38b5b472\node_modules\ts-node\src\index.ts:820:12)
    at reportTSError (H:\workspace\ÂçöÂÆ¢\my-blog\node_modules\.pnpm\registry.npmmirror.com+ts-node@10.7.0_4548f6b74f1429cc78c61eff38b5b472\node_modules\ts-node\src\index.ts:824:19)
    at H:\workspace\ÂçöÂÆ¢\my-blog\node_modules\.pnpm\registry.npmmirror.com+ts-node@10.7.0_4548f6b74f1429cc78c61eff38b5b472\node_modules\ts-node\src\index.ts:1292:34
    at Object.compile (H:\workspace\ÂçöÂÆ¢\my-blog\node_modules\.pnpm\registry.npmmirror.com+ts-node@10.7.0_4548f6b74f1429cc78c61eff38b5b472\node_modules\ts-node\src\index.ts:1322:43)
    at Module.m._compile (H:\workspace\ÂçöÂÆ¢\my-blog\node_modules\.pnpm\registry.npmmirror.com+ts-node@10.7.0_4548f6b74f1429cc78c61eff38b5b472\node_modules\ts-node\src\index.ts:1454:30)
    at Module._extensions..js (internal/modules/cjs/loader.js:1027:10)
    at Object.require.extensions.<computed> [as .ts] (H:\workspace\ÂçöÂÆ¢\my-blog\node_modules\.pnpm\registry.npmmirror.com+ts-node@10.7.0_4548f6b74f1429cc78c61eff38b5b472\node_modules\ts-node\src\index.ts:1458:12)
    at Module.load (internal/modules/cjs/loader.js:863:32)
    at Function.Module._load (internal/modules/cjs/loader.js:708:14)
    at Module.require (internal/modules/cjs/loader.js:887:19)
2022-04-23 01:51:21 error: [GET] /users >> StatusCode:: 500, Message:: WHERE parameter "status" has invalid "undefined" value
2022-04-23 01:55:23 error: [GET] /login-info >> StatusCode:: 401, Message:: TokenË∫´‰ªΩÊó†Êïà!
2022-04-23 02:32:04 error: [GET] /users >> StatusCode:: 500, Message:: WHERE parameter "status" has invalid "undefined" value
2022-04-23 09:13:34 error: [GET] /login-info >> StatusCode:: 401, Message:: TokenË∫´‰ªΩÊó†Êïà!
2022-04-23 21:51:42 error: [GET] /users >> StatusCode:: 500, Message:: WHERE parameter "status" has invalid "undefined" value
2022-04-23 22:09:58 error: uncaughtException: ‚®Ø Unable to compile TypeScript:
[96msrc/services/users.service.ts[0m:[93m23[0m:[93m10[0m - [91merror[0m[90m TS1136: [0mProperty assignment expected.

[7m23[0m       }, { nickname: { [Op.like]: searchKeywords } }]
[7m  [0m [91m         ~[0m

TSError: ‚®Ø Unable to compile TypeScript:
[96msrc/services/users.service.ts[0m:[93m23[0m:[93m10[0m - [91merror[0m[90m TS1136: [0mProperty assignment expected.

[7m23[0m       }, { nickname: { [Op.like]: searchKeywords } }]
[7m  [0m [91m         ~[0m

    at createTSError (H:\workspace\ÂçöÂÆ¢\my-blog\node_modules\.pnpm\registry.npmmirror.com+ts-node@10.7.0_4548f6b74f1429cc78c61eff38b5b472\node_modules\ts-node\src\index.ts:820:12)
    at reportTSError (H:\workspace\ÂçöÂÆ¢\my-blog\node_modules\.pnpm\registry.npmmirror.com+ts-node@10.7.0_4548f6b74f1429cc78c61eff38b5b472\node_modules\ts-node\src\index.ts:824:19)
    at H:\workspace\ÂçöÂÆ¢\my-blog\node_modules\.pnpm\registry.npmmirror.com+ts-node@10.7.0_4548f6b74f1429cc78c61eff38b5b472\node_modules\ts-node\src\index.ts:1292:34
    at Object.compile (H:\workspace\ÂçöÂÆ¢\my-blog\node_modules\.pnpm\registry.npmmirror.com+ts-node@10.7.0_4548f6b74f1429cc78c61eff38b5b472\node_modules\ts-node\src\index.ts:1322:43)
    at Module.m._compile (H:\workspace\ÂçöÂÆ¢\my-blog\node_modules\.pnpm\registry.npmmirror.com+ts-node@10.7.0_4548f6b74f1429cc78c61eff38b5b472\node_modules\ts-node\src\index.ts:1454:30)
    at Module._extensions..js (internal/modules/cjs/loader.js:1027:10)
    at Object.require.extensions.<computed> [as .ts] (H:\workspace\ÂçöÂÆ¢\my-blog\node_modules\.pnpm\registry.npmmirror.com+ts-node@10.7.0_4548f6b74f1429cc78c61eff38b5b472\node_modules\ts-node\src\index.ts:1458:12)
    at Module.load (internal/modules/cjs/loader.js:863:32)
    at Function.Module._load (internal/modules/cjs/loader.js:708:14)
    at Module.require (internal/modules/cjs/loader.js:887:19)
2022-04-23 22:10:21 error: uncaughtException: ‚®Ø Unable to compile TypeScript:
[96msrc/services/users.service.ts[0m:[93m23[0m:[93m7[0m - [91merror[0m[90m TS1136: [0mProperty assignment expected.

[7m23[0m       { nickname: { [Op.like]: searchKeywords } }]
[7m  [0m [91m      ~[0m

TSError: ‚®Ø Unable to compile TypeScript:
[96msrc/services/users.service.ts[0m:[93m23[0m:[93m7[0m - [91merror[0m[90m TS1136: [0mProperty assignment expected.

[7m23[0m       { nickname: { [Op.like]: searchKeywords } }]
[7m  [0m [91m      ~[0m

    at createTSError (H:\workspace\ÂçöÂÆ¢\my-blog\node_modules\.pnpm\registry.npmmirror.com+ts-node@10.7.0_4548f6b74f1429cc78c61eff38b5b472\node_modules\ts-node\src\index.ts:820:12)
    at reportTSError (H:\workspace\ÂçöÂÆ¢\my-blog\node_modules\.pnpm\registry.npmmirror.com+ts-node@10.7.0_4548f6b74f1429cc78c61eff38b5b472\node_modules\ts-node\src\index.ts:824:19)
    at H:\workspace\ÂçöÂÆ¢\my-blog\node_modules\.pnpm\registry.npmmirror.com+ts-node@10.7.0_4548f6b74f1429cc78c61eff38b5b472\node_modules\ts-node\src\index.ts:1292:34
    at Object.compile (H:\workspace\ÂçöÂÆ¢\my-blog\node_modules\.pnpm\registry.npmmirror.com+ts-node@10.7.0_4548f6b74f1429cc78c61eff38b5b472\node_modules\ts-node\src\index.ts:1322:43)
    at Module.m._compile (H:\workspace\ÂçöÂÆ¢\my-blog\node_modules\.pnpm\registry.npmmirror.com+ts-node@10.7.0_4548f6b74f1429cc78c61eff38b5b472\node_modules\ts-node\src\index.ts:1454:30)
    at Module._extensions..js (internal/modules/cjs/loader.js:1027:10)
    at Object.require.extensions.<computed> [as .ts] (H:\workspace\ÂçöÂÆ¢\my-blog\node_modules\.pnpm\registry.npmmirror.com+ts-node@10.7.0_4548f6b74f1429cc78c61eff38b5b472\node_modules\ts-node\src\index.ts:1458:12)
    at Module.load (internal/modules/cjs/loader.js:863:32)
    at Function.Module._load (internal/modules/cjs/loader.js:708:14)
    at Module.require (internal/modules/cjs/loader.js:887:19)
2022-04-23 22:10:54 error: uncaughtException: ‚®Ø Unable to compile TypeScript:
[96msrc/services/users.service.ts[0m:[93m24[0m:[93m7[0m - [91merror[0m[90m TS1136: [0mProperty assignment expected.

[7m24[0m       ]
[7m  [0m [91m      ~[0m

TSError: ‚®Ø Unable to compile TypeScript:
[96msrc/services/users.service.ts[0m:[93m24[0m:[93m7[0m - [91merror[0m[90m TS1136: [0mProperty assignment expected.

[7m24[0m       ]
[7m  [0m [91m      ~[0m

    at createTSError (H:\workspace\ÂçöÂÆ¢\my-blog\node_modules\.pnpm\registry.npmmirror.com+ts-node@10.7.0_4548f6b74f1429cc78c61eff38b5b472\node_modules\ts-node\src\index.ts:820:12)
    at reportTSError (H:\workspace\ÂçöÂÆ¢\my-blog\node_modules\.pnpm\registry.npmmirror.com+ts-node@10.7.0_4548f6b74f1429cc78c61eff38b5b472\node_modules\ts-node\src\index.ts:824:19)
    at H:\workspace\ÂçöÂÆ¢\my-blog\node_modules\.pnpm\registry.npmmirror.com+ts-node@10.7.0_4548f6b74f1429cc78c61eff38b5b472\node_modules\ts-node\src\index.ts:1292:34
    at Object.compile (H:\workspace\ÂçöÂÆ¢\my-blog\node_modules\.pnpm\registry.npmmirror.com+ts-node@10.7.0_4548f6b74f1429cc78c61eff38b5b472\node_modules\ts-node\src\index.ts:1322:43)
    at Module.m._compile (H:\workspace\ÂçöÂÆ¢\my-blog\node_modules\.pnpm\registry.npmmirror.com+ts-node@10.7.0_4548f6b74f1429cc78c61eff38b5b472\node_modules\ts-node\src\index.ts:1454:30)
    at Module._extensions..js (internal/modules/cjs/loader.js:1027:10)
    at Object.require.extensions.<computed> [as .ts] (H:\workspace\ÂçöÂÆ¢\my-blog\node_modules\.pnpm\registry.npmmirror.com+ts-node@10.7.0_4548f6b74f1429cc78c61eff38b5b472\node_modules\ts-node\src\index.ts:1458:12)
    at Module.load (internal/modules/cjs/loader.js:863:32)
    at Function.Module._load (internal/modules/cjs/loader.js:708:14)
    at Module.require (internal/modules/cjs/loader.js:887:19)
2022-04-23 22:11:15 error: uncaughtException: ‚®Ø Unable to compile TypeScript:
[96msrc/services/users.service.ts[0m:[93m23[0m:[93m7[0m - [91merror[0m[90m TS1136: [0mProperty assignment expected.

[7m23[0m       { nickname: { [Op.like]: searchKeywords } }
[7m  [0m [91m      ~[0m

TSError: ‚®Ø Unable to compile TypeScript:
[96msrc/services/users.service.ts[0m:[93m23[0m:[93m7[0m - [91merror[0m[90m TS1136: [0mProperty assignment expected.

[7m23[0m       { nickname: { [Op.like]: searchKeywords } }
[7m  [0m [91m      ~[0m

    at createTSError (H:\workspace\ÂçöÂÆ¢\my-blog\node_modules\.pnpm\registry.npmmirror.com+ts-node@10.7.0_4548f6b74f1429cc78c61eff38b5b472\node_modules\ts-node\src\index.ts:820:12)
    at reportTSError (H:\workspace\ÂçöÂÆ¢\my-blog\node_modules\.pnpm\registry.npmmirror.com+ts-node@10.7.0_4548f6b74f1429cc78c61eff38b5b472\node_modules\ts-node\src\index.ts:824:19)
    at H:\workspace\ÂçöÂÆ¢\my-blog\node_modules\.pnpm\registry.npmmirror.com+ts-node@10.7.0_4548f6b74f1429cc78c61eff38b5b472\node_modules\ts-node\src\index.ts:1292:34
    at Object.compile (H:\workspace\ÂçöÂÆ¢\my-blog\node_modules\.pnpm\registry.npmmirror.com+ts-node@10.7.0_4548f6b74f1429cc78c61eff38b5b472\node_modules\ts-node\src\index.ts:1322:43)
    at Module.m._compile (H:\workspace\ÂçöÂÆ¢\my-blog\node_modules\.pnpm\registry.npmmirror.com+ts-node@10.7.0_4548f6b74f1429cc78c61eff38b5b472\node_modules\ts-node\src\index.ts:1454:30)
    at Module._extensions..js (internal/modules/cjs/loader.js:1027:10)
    at Object.require.extensions.<computed> [as .ts] (H:\workspace\ÂçöÂÆ¢\my-blog\node_modules\.pnpm\registry.npmmirror.com+ts-node@10.7.0_4548f6b74f1429cc78c61eff38b5b472\node_modules\ts-node\src\index.ts:1458:12)
    at Module.load (internal/modules/cjs/loader.js:863:32)
    at Function.Module._load (internal/modules/cjs/loader.js:708:14)
    at Module.require (internal/modules/cjs/loader.js:887:19)
2022-04-23 22:11:29 error: uncaughtException: ‚®Ø Unable to compile TypeScript:
[96msrc/services/users.service.ts[0m:[93m23[0m:[93m9[0m - [91merror[0m[90m TS1136: [0mProperty assignment expected.

[7m23[0m         { nickname: { [Op.like]: searchKeywords } }
[7m  [0m [91m        ~[0m

TSError: ‚®Ø Unable to compile TypeScript:
[96msrc/services/users.service.ts[0m:[93m23[0m:[93m9[0m - [91merror[0m[90m TS1136: [0mProperty assignment expected.

[7m23[0m         { nickname: { [Op.like]: searchKeywords } }
[7m  [0m [91m        ~[0m

    at createTSError (H:\workspace\ÂçöÂÆ¢\my-blog\node_modules\.pnpm\registry.npmmirror.com+ts-node@10.7.0_4548f6b74f1429cc78c61eff38b5b472\node_modules\ts-node\src\index.ts:820:12)
    at reportTSError (H:\workspace\ÂçöÂÆ¢\my-blog\node_modules\.pnpm\registry.npmmirror.com+ts-node@10.7.0_4548f6b74f1429cc78c61eff38b5b472\node_modules\ts-node\src\index.ts:824:19)
    at H:\workspace\ÂçöÂÆ¢\my-blog\node_modules\.pnpm\registry.npmmirror.com+ts-node@10.7.0_4548f6b74f1429cc78c61eff38b5b472\node_modules\ts-node\src\index.ts:1292:34
    at Object.compile (H:\workspace\ÂçöÂÆ¢\my-blog\node_modules\.pnpm\registry.npmmirror.com+ts-node@10.7.0_4548f6b74f1429cc78c61eff38b5b472\node_modules\ts-node\src\index.ts:1322:43)
    at Module.m._compile (H:\workspace\ÂçöÂÆ¢\my-blog\node_modules\.pnpm\registry.npmmirror.com+ts-node@10.7.0_4548f6b74f1429cc78c61eff38b5b472\node_modules\ts-node\src\index.ts:1454:30)
    at Module._extensions..js (internal/modules/cjs/loader.js:1027:10)
    at Object.require.extensions.<computed> [as .ts] (H:\workspace\ÂçöÂÆ¢\my-blog\node_modules\.pnpm\registry.npmmirror.com+ts-node@10.7.0_4548f6b74f1429cc78c61eff38b5b472\node_modules\ts-node\src\index.ts:1458:12)
    at Module.load (internal/modules/cjs/loader.js:863:32)
    at Function.Module._load (internal/modules/cjs/loader.js:708:14)
    at Module.require (internal/modules/cjs/loader.js:887:19)
2022-04-23 22:13:19 error: [GET] /users >> StatusCode:: 500, Message:: Unknown column 'UserModel.createAt' in 'order clause'
2022-04-23 22:31:38 error: uncaughtException: Duplicate parameter name not allowed in this context
H:\workspace\ÂçöÂÆ¢\my-blog\admin-backend\src\utils\formatResult.ts:4
const formatResultData = ({ result: any, message: string = 'success', pagination: any }) => {
                                                                                  ^

SyntaxError: Duplicate parameter name not allowed in this context
    at wrapSafe (internal/modules/cjs/loader.js:915:16)
    at Module._compile (internal/modules/cjs/loader.js:963:27)
    at Module.m._compile (H:\workspace\ÂçöÂÆ¢\my-blog\node_modules\.pnpm\registry.npmmirror.com+ts-node@10.7.0_4548f6b74f1429cc78c61eff38b5b472\node_modules\ts-node\src\index.ts:1455:23)
    at Module._extensions..js (internal/modules/cjs/loader.js:1027:10)
    at Object.require.extensions.<computed> [as .ts] (H:\workspace\ÂçöÂÆ¢\my-blog\node_modules\.pnpm\registry.npmmirror.com+ts-node@10.7.0_4548f6b74f1429cc78c61eff38b5b472\node_modules\ts-node\src\index.ts:1458:12)
    at Module.load (internal/modules/cjs/loader.js:863:32)
    at Function.Module._load (internal/modules/cjs/loader.js:708:14)
    at Module.require (internal/modules/cjs/loader.js:887:19)
    at require (internal/modules/cjs/helpers.js:74:18)
    at Object.<anonymous> (H:\workspace\ÂçöÂÆ¢\my-blog\admin-backend\src\controllers\auth.controller.ts:7:1)
2022-04-23 22:32:23 error: uncaughtException: ‚®Ø Unable to compile TypeScript:
[96msrc/utils/formatResult.ts[0m:[93m3[0m:[93m12[0m - [91merror[0m[90m TS1003: [0mIdentifier expected.

[7m3[0m   message: 'success',
[7m [0m [91m           ~~~~~~~~~[0m
[96msrc/utils/formatResult.ts[0m:[93m3[0m:[93m21[0m - [91merror[0m[90m TS1005: [0m':' expected.

[7m3[0m   message: 'success',
[7m [0m [91m                    ~[0m

TSError: ‚®Ø Unable to compile TypeScript:
[96msrc/utils/formatResult.ts[0m:[93m3[0m:[93m12[0m - [91merror[0m[90m TS1003: [0mIdentifier expected.

[7m3[0m   message: 'success',
[7m [0m [91m           ~~~~~~~~~[0m
[96msrc/utils/formatResult.ts[0m:[93m3[0m:[93m21[0m - [91merror[0m[90m TS1005: [0m':' expected.

[7m3[0m   message: 'success',
[7m [0m [91m                    ~[0m

    at createTSError (H:\workspace\ÂçöÂÆ¢\my-blog\node_modules\.pnpm\registry.npmmirror.com+ts-node@10.7.0_4548f6b74f1429cc78c61eff38b5b472\node_modules\ts-node\src\index.ts:820:12)
    at reportTSError (H:\workspace\ÂçöÂÆ¢\my-blog\node_modules\.pnpm\registry.npmmirror.com+ts-node@10.7.0_4548f6b74f1429cc78c61eff38b5b472\node_modules\ts-node\src\index.ts:824:19)
    at H:\workspace\ÂçöÂÆ¢\my-blog\node_modules\.pnpm\registry.npmmirror.com+ts-node@10.7.0_4548f6b74f1429cc78c61eff38b5b472\node_modules\ts-node\src\index.ts:1292:34
    at Object.compile (H:\workspace\ÂçöÂÆ¢\my-blog\node_modules\.pnpm\registry.npmmirror.com+ts-node@10.7.0_4548f6b74f1429cc78c61eff38b5b472\node_modules\ts-node\src\index.ts:1322:43)
    at Module.m._compile (H:\workspace\ÂçöÂÆ¢\my-blog\node_modules\.pnpm\registry.npmmirror.com+ts-node@10.7.0_4548f6b74f1429cc78c61eff38b5b472\node_modules\ts-node\src\index.ts:1454:30)
    at Module._extensions..js (internal/modules/cjs/loader.js:1027:10)
    at Object.require.extensions.<computed> [as .ts] (H:\workspace\ÂçöÂÆ¢\my-blog\node_modules\.pnpm\registry.npmmirror.com+ts-node@10.7.0_4548f6b74f1429cc78c61eff38b5b472\node_modules\ts-node\src\index.ts:1458:12)
    at Module.load (internal/modules/cjs/loader.js:863:32)
    at Function.Module._load (internal/modules/cjs/loader.js:708:14)
    at Module.require (internal/modules/cjs/loader.js:887:19)
2022-04-23 23:06:06 error: uncaughtException: listen EADDRINUSE: address already in use :::8000
Error: listen EADDRINUSE: address already in use :::8000
    at Server.setupListenHandle [as _listen2] (net.js:1316:16)
    at listenInCluster (net.js:1364:12)
    at Server.listen (net.js:1450:7)
    at Function.listen (H:\workspace\ÂçöÂÆ¢\my-blog\node_modules\.pnpm\registry.npmmirror.com+express@4.17.3\node_modules\express\lib\application.js:618:24)
    at App.listen (H:\workspace\ÂçöÂÆ¢\my-blog\admin-backend\src\app.ts:38:14)
    at Object.<anonymous> (H:\workspace\ÂçöÂÆ¢\my-blog\admin-backend\src\server.ts:15:5)
    at Module._compile (internal/modules/cjs/loader.js:999:30)
    at Module.m._compile (H:\workspace\ÂçöÂÆ¢\my-blog\node_modules\.pnpm\registry.npmmirror.com+ts-node@10.7.0_4548f6b74f1429cc78c61eff38b5b472\node_modules\ts-node\src\index.ts:1455:23)
    at Module._extensions..js (internal/modules/cjs/loader.js:1027:10)
    at Object.require.extensions.<computed> [as .ts] (H:\workspace\ÂçöÂÆ¢\my-blog\node_modules\.pnpm\registry.npmmirror.com+ts-node@10.7.0_4548f6b74f1429cc78c61eff38b5b472\node_modules\ts-node\src\index.ts:1458:12)
2022-04-23 23:07:08 error: [POST] /login >> StatusCode:: 409, Message:: Áî®Êà∑ÂêçÊàñÂØÜÁ†Å‰∏çÂåπÈÖç
