2022-04-18 00:12:50 error: [GET] /login-info >> StatusCode:: 500, Message:: Unknown column 'roles->UserRoleModel.role_model_id' in 'on clause'
2022-04-18 00:15:29 error: [GET] /login-info >> StatusCode:: 500, Message:: Unknown column 'roles->UserRoleModel.role_model_id' in 'on clause'
2022-04-18 00:19:41 error: uncaughtException: Cannot read property 'field' of undefined
TypeError: Cannot read property 'field' of undefined
    at new BelongsToMany (H:\workspace\博客\my-blog\node_modules\.pnpm\registry.npmmirror.com+sequelize@6.19.0_mysql2@2.3.3\node_modules\sequelize\src\associations\belongs-to-many.js:132:71)
    at Function.belongsToMany (H:\workspace\博客\my-blog\node_modules\.pnpm\registry.npmmirror.com+sequelize@6.19.0_mysql2@2.3.3\node_modules\sequelize\src\associations\mixin.js:64:25)
    at Object.<anonymous> (H:\workspace\博客\my-blog\admin-backend\src\databases\index.ts:41:10)
    at Module._compile (internal/modules/cjs/loader.js:999:30)
    at Module.m._compile (H:\workspace\博客\my-blog\node_modules\.pnpm\registry.npmmirror.com+ts-node@10.7.0_b1738d1eb0c8e687c0f1aa39c84932ef\node_modules\ts-node\src\index.ts:1455:23)
    at Module._extensions..js (internal/modules/cjs/loader.js:1027:10)
    at Object.require.extensions.<computed> [as .ts] (H:\workspace\博客\my-blog\node_modules\.pnpm\registry.npmmirror.com+ts-node@10.7.0_b1738d1eb0c8e687c0f1aa39c84932ef\node_modules\ts-node\src\index.ts:1458:12)
    at Module.load (internal/modules/cjs/loader.js:863:32)
    at Function.Module._load (internal/modules/cjs/loader.js:708:14)
    at Module.require (internal/modules/cjs/loader.js:887:19)
2022-04-18 00:21:28 error: [GET] /login-info >> StatusCode:: 500, Message:: Unknown column 'roles->UserRoleModel.role_model_id' in 'on clause'
2022-04-18 00:27:29 error: [GET] /login-info >> StatusCode:: 500, Message:: RoleModel is associated to UserModel using an alias. You've included an alias (roles), but it does not match the alias(es) defined in your association (RoleModels).
2022-04-18 00:35:11 error: [GET] /login-info >> StatusCode:: 500, Message:: RoleModel is associated to UserModel using an alias. You've included an alias (roles), but it does not match the alias(es) defined in your association (user_role).
2022-04-18 00:45:43 error: uncaughtException: index_route_1.default is not a constructor
TypeError: index_route_1.default is not a constructor
    at Object.<anonymous> (H:\workspace\博客\my-blog\admin-backend\src\server.ts:10:22)
    at Module._compile (internal/modules/cjs/loader.js:999:30)
    at Module.m._compile (H:\workspace\博客\my-blog\node_modules\.pnpm\registry.npmmirror.com+ts-node@10.7.0_b1738d1eb0c8e687c0f1aa39c84932ef\node_modules\ts-node\src\index.ts:1455:23)
    at Module._extensions..js (internal/modules/cjs/loader.js:1027:10)
    at Object.require.extensions.<computed> [as .ts] (H:\workspace\博客\my-blog\node_modules\.pnpm\registry.npmmirror.com+ts-node@10.7.0_b1738d1eb0c8e687c0f1aa39c84932ef\node_modules\ts-node\src\index.ts:1458:12)
    at Module.load (internal/modules/cjs/loader.js:863:32)
    at Function.Module._load (internal/modules/cjs/loader.js:708:14)
    at Function.executeUserEntryPoint [as runMain] (internal/modules/run_main.js:60:12)
    at phase4 (H:\workspace\博客\my-blog\node_modules\.pnpm\registry.npmmirror.com+ts-node@10.7.0_b1738d1eb0c8e687c0f1aa39c84932ef\node_modules\ts-node\src\bin.ts:567:12)
    at bootstrap (H:\workspace\博客\my-blog\node_modules\.pnpm\registry.npmmirror.com+ts-node@10.7.0_b1738d1eb0c8e687c0f1aa39c84932ef\node_modules\ts-node\src\bin.ts:85:10)
2022-04-18 00:46:17 error: uncaughtException: validateEnv is not defined
ReferenceError: validateEnv is not defined
    at Object.<anonymous> (H:\workspace\博客\my-blog\admin-backend\src\server.ts:4:1)
    at Module._compile (internal/modules/cjs/loader.js:999:30)
    at Module.m._compile (H:\workspace\博客\my-blog\node_modules\.pnpm\registry.npmmirror.com+ts-node@10.7.0_b1738d1eb0c8e687c0f1aa39c84932ef\node_modules\ts-node\src\index.ts:1455:23)
    at Module._extensions..js (internal/modules/cjs/loader.js:1027:10)
    at Object.require.extensions.<computed> [as .ts] (H:\workspace\博客\my-blog\node_modules\.pnpm\registry.npmmirror.com+ts-node@10.7.0_b1738d1eb0c8e687c0f1aa39c84932ef\node_modules\ts-node\src\index.ts:1458:12)
    at Module.load (internal/modules/cjs/loader.js:863:32)
    at Function.Module._load (internal/modules/cjs/loader.js:708:14)
    at Function.executeUserEntryPoint [as runMain] (internal/modules/run_main.js:60:12)
    at phase4 (H:\workspace\博客\my-blog\node_modules\.pnpm\registry.npmmirror.com+ts-node@10.7.0_b1738d1eb0c8e687c0f1aa39c84932ef\node_modules\ts-node\src\bin.ts:567:12)
    at bootstrap (H:\workspace\博客\my-blog\node_modules\.pnpm\registry.npmmirror.com+ts-node@10.7.0_b1738d1eb0c8e687c0f1aa39c84932ef\node_modules\ts-node\src\bin.ts:85:10)
2022-04-18 00:46:26 error: uncaughtException: validateEnv is not defined
ReferenceError: validateEnv is not defined
    at Object.<anonymous> (H:\workspace\博客\my-blog\admin-backend\src\server.ts:4:1)
    at Module._compile (internal/modules/cjs/loader.js:999:30)
    at Module.m._compile (H:\workspace\博客\my-blog\node_modules\.pnpm\registry.npmmirror.com+ts-node@10.7.0_b1738d1eb0c8e687c0f1aa39c84932ef\node_modules\ts-node\src\index.ts:1455:23)
    at Module._extensions..js (internal/modules/cjs/loader.js:1027:10)
    at Object.require.extensions.<computed> [as .ts] (H:\workspace\博客\my-blog\node_modules\.pnpm\registry.npmmirror.com+ts-node@10.7.0_b1738d1eb0c8e687c0f1aa39c84932ef\node_modules\ts-node\src\index.ts:1458:12)
    at Module.load (internal/modules/cjs/loader.js:863:32)
    at Function.Module._load (internal/modules/cjs/loader.js:708:14)
    at Function.executeUserEntryPoint [as runMain] (internal/modules/run_main.js:60:12)
    at phase4 (H:\workspace\博客\my-blog\node_modules\.pnpm\registry.npmmirror.com+ts-node@10.7.0_b1738d1eb0c8e687c0f1aa39c84932ef\node_modules\ts-node\src\bin.ts:567:12)
    at bootstrap (H:\workspace\博客\my-blog\node_modules\.pnpm\registry.npmmirror.com+ts-node@10.7.0_b1738d1eb0c8e687c0f1aa39c84932ef\node_modules\ts-node\src\bin.ts:85:10)
2022-04-18 00:47:28 error: uncaughtException: Cannot find module './routes/auth.route'
Require stack:
- H:\workspace\博客\my-blog\admin-backend\src\routes\index.route.ts
- H:\workspace\博客\my-blog\admin-backend\src\server.ts
Error: Cannot find module './routes/auth.route'
Require stack:
- H:\workspace\博客\my-blog\admin-backend\src\routes\index.route.ts
- H:\workspace\博客\my-blog\admin-backend\src\server.ts
    at Function.Module._resolveFilename (internal/modules/cjs/loader.js:815:15)
    at Function.Module._resolveFilename.sharedData.moduleResolveFilenameHook.installedValue (H:\workspace\博客\my-blog\node_modules\.pnpm\registry.npmmirror.com+@cspotcode+source-map-support@0.7.0\node_modules\@cspotcode\source-map-support\source-map-support.js:679:30)
    at Function.Module._resolveFilename (H:\workspace\博客\my-blog\node_modules\.pnpm\registry.npmmirror.com+tsconfig-paths@3.14.1\node_modules\tsconfig-paths\src\register.ts:90:36)
    at Function.Module._load (internal/modules/cjs/loader.js:667:27)
    at Module.require (internal/modules/cjs/loader.js:887:19)
    at require (internal/modules/cjs/helpers.js:74:18)
    at Object.<anonymous> (H:\workspace\博客\my-blog\admin-backend\src\routes\index.route.ts:1:1)
    at Module._compile (internal/modules/cjs/loader.js:999:30)
    at Module.m._compile (H:\workspace\博客\my-blog\node_modules\.pnpm\registry.npmmirror.com+ts-node@10.7.0_b1738d1eb0c8e687c0f1aa39c84932ef\node_modules\ts-node\src\index.ts:1455:23)
    at Module._extensions..js (internal/modules/cjs/loader.js:1027:10)
